<?xml version="1.0" encoding="UTF-8"?>
<testsuites name="Registrasi" time="30.529" tests="1" failures="0" errors="0">
   <testsuite name="Registrasi" tests="1" failures="0" errors="0" time="30.529" skipped="0" timestamp="07-02-2024T10:46:40" hostname="BRI - LAPTOP-GLHGBC14" id="Test Suites/Registrasi/Registrasi">
      <properties>
         <property name="deviceName" value=""/>
         <property name="devicePlatform" value=""/>
         <property name="logFolder" value="C:\\Users\\BRI\\git\\integrasiGit\\Reports\\20240207_104630\\Registrasi\\Registrasi\\20240207_104630"/>
         <property name="logFiles" value="C:\\Users\\BRI\\git\\integrasiGit\\Reports\\20240207_104630\\Registrasi\\Registrasi\\20240207_104630\\execution0.log"/>
         <property name="attachments" value=""/>
         <property name="hostName" value="BRI - LAPTOP-GLHGBC14"/>
         <property name="os" value="Windows 11 64bit"/>
         <property name="katalonVersion" value="9.3.0.212"/>
         <property name="browser" value="Edge Chromium 121"/>
         <property name="hostAddress" value="172.16.213.24"/>
         <property name="sessionId" value="6dc00f3a4287adfc329f3bacd8b663c0"/>
         <property name="seleniumVersion" value="3.141.59"/>
         <property name="proxyInformation" value="ProxyInformation { proxyOption=NO_PROXY, proxyServerType=HTTP, username=, password=********, proxyServerAddress=, proxyServerPort=0, executionList=&quot;&quot;, isApplyToDesiredCapabilities=true }"/>
         <property name="platform" value="Windows 11"/>
      </properties>
      <testcase name="Test Cases/Swag Labs/Register" time="30.089" classname="Test Cases/Swag Labs/Register" status="PASSED">
         <system-out><![CDATA[07-02-2024T10:46:40 - [TEST_CASE][PASSED] - Test Cases/Swag Labs/Register: Test Cases/Swag Labs/Register

07-02-2024T10:46:41 - [TEST_STEP][PASSED] - openBrowser(""): Browser is opened with url: ''

07-02-2024T10:46:42 - [MESSAGE][INFO] - Starting 'Edge Chromium' driver

07-02-2024T10:46:44 - [MESSAGE][INFO] - Action delay is set to 0 milliseconds

07-02-2024T10:46:48 - [MESSAGE][PASSED] - Browser is opened with url: ''

07-02-2024T10:46:48 - [TEST_STEP][PASSED] - navigateToUrl("https://parabank.parasoft.com/parabank/index.htm"): Navigate to 'https://parabank.parasoft.com/parabank/index.htm' successfully

07-02-2024T10:46:53 - [MESSAGE][PASSED] - Navigate to 'https://parabank.parasoft.com/parabank/index.htm' successfully

07-02-2024T10:46:53 - [TEST_STEP][PASSED] - click(findTestObject("Object Repository/Page_ParaBank  Welcome  Online Banking/a_Register")): Object: 'Object Repository/Page_ParaBank  Welcome  Online Banking/a_Register' is clicked on

07-02-2024T10:46:55 - [MESSAGE][PASSED] - Object: 'Object Repository/Page_ParaBank  Welcome  Online Banking/a_Register' is clicked on

07-02-2024T10:46:55 - [TEST_STEP][PASSED] - setText(findTestObject("Object Repository/Page_ParaBank  Register for Free Online Acc_dbf84b/input_First Name_customer.firstName"), "ruslan"): Text 'ruslan' is set on object 'Object Repository/Page_ParaBank  Register for Free Online Acc_dbf84b/input_First Name_customer.firstName'

07-02-2024T10:46:57 - [MESSAGE][PASSED] - Text 'ruslan' is set on object 'Object Repository/Page_ParaBank  Register for Free Online Acc_dbf84b/input_First Name_customer.firstName'

07-02-2024T10:46:57 - [TEST_STEP][PASSED] - setText(findTestObject("Object Repository/Page_ParaBank  Register for Free Online Acc_dbf84b/input_Last Name_customer.lastName"), "Permana"): Text 'Permana' is set on object 'Object Repository/Page_ParaBank  Register for Free Online Acc_dbf84b/input_Last Name_customer.lastName'

07-02-2024T10:46:59 - [MESSAGE][PASSED] - Text 'Permana' is set on object 'Object Repository/Page_ParaBank  Register for Free Online Acc_dbf84b/input_Last Name_customer.lastName'

07-02-2024T10:46:59 - [TEST_STEP][PASSED] - setText(findTestObject("Object Repository/Page_ParaBank  Register for Free Online Acc_dbf84b/input_Address_customer.address.street"), "Depok"): Text 'Depok' is set on object 'Object Repository/Page_ParaBank  Register for Free Online Acc_dbf84b/input_Address_customer.address.street'

07-02-2024T10:47:00 - [MESSAGE][PASSED] - Text 'Depok' is set on object 'Object Repository/Page_ParaBank  Register for Free Online Acc_dbf84b/input_Address_customer.address.street'

07-02-2024T10:47:00 - [TEST_STEP][PASSED] - setText(findTestObject("Object Repository/Page_ParaBank  Register for Free Online Acc_dbf84b/input_City_customer.address.city"), "Depok"): Text 'Depok' is set on object 'Object Repository/Page_ParaBank  Register for Free Online Acc_dbf84b/input_City_customer.address.city'

07-02-2024T10:47:01 - [MESSAGE][PASSED] - Text 'Depok' is set on object 'Object Repository/Page_ParaBank  Register for Free Online Acc_dbf84b/input_City_customer.address.city'

07-02-2024T10:47:01 - [TEST_STEP][PASSED] - setText(findTestObject("Object Repository/Page_ParaBank  Register for Free Online Acc_dbf84b/input_State_customer.address.state"), "Jawa Barat"): Text 'Jawa Barat' is set on object 'Object Repository/Page_ParaBank  Register for Free Online Acc_dbf84b/input_State_customer.address.state'

07-02-2024T10:47:02 - [MESSAGE][PASSED] - Text 'Jawa Barat' is set on object 'Object Repository/Page_ParaBank  Register for Free Online Acc_dbf84b/input_State_customer.address.state'

07-02-2024T10:47:02 - [TEST_STEP][PASSED] - setText(findTestObject("Object Repository/Page_ParaBank  Register for Free Online Acc_dbf84b/input_Zip Code_customer.address.zipCode"), "16452"): Text '16452' is set on object 'Object Repository/Page_ParaBank  Register for Free Online Acc_dbf84b/input_Zip Code_customer.address.zipCode'

07-02-2024T10:47:03 - [MESSAGE][PASSED] - Text '16452' is set on object 'Object Repository/Page_ParaBank  Register for Free Online Acc_dbf84b/input_Zip Code_customer.address.zipCode'

07-02-2024T10:47:03 - [TEST_STEP][PASSED] - setText(findTestObject("Object Repository/Page_ParaBank  Register for Free Online Acc_dbf84b/input_Phone_customer.phoneNumber"), "08546253442343"): Text '08546253442343' is set on object 'Object Repository/Page_ParaBank  Register for Free Online Acc_dbf84b/input_Phone_customer.phoneNumber'

07-02-2024T10:47:04 - [MESSAGE][PASSED] - Text '08546253442343' is set on object 'Object Repository/Page_ParaBank  Register for Free Online Acc_dbf84b/input_Phone_customer.phoneNumber'

07-02-2024T10:47:04 - [TEST_STEP][PASSED] - setText(findTestObject("Object Repository/Page_ParaBank  Register for Free Online Acc_dbf84b/input_SSN_customer.ssn"), "bebas"): Text 'bebas' is set on object 'Object Repository/Page_ParaBank  Register for Free Online Acc_dbf84b/input_SSN_customer.ssn'

07-02-2024T10:47:05 - [MESSAGE][PASSED] - Text 'bebas' is set on object 'Object Repository/Page_ParaBank  Register for Free Online Acc_dbf84b/input_SSN_customer.ssn'

07-02-2024T10:47:05 - [TEST_STEP][PASSED] - setText(findTestObject("Object Repository/Page_ParaBank  Register for Free Online Acc_dbf84b/input_Username_customer.username"), "ruslanwest"): Text 'ruslanwest' is set on object 'Object Repository/Page_ParaBank  Register for Free Online Acc_dbf84b/input_Username_customer.username'

07-02-2024T10:47:06 - [MESSAGE][PASSED] - Text 'ruslanwest' is set on object 'Object Repository/Page_ParaBank  Register for Free Online Acc_dbf84b/input_Username_customer.username'

07-02-2024T10:47:06 - [TEST_STEP][PASSED] - setEncryptedText(findTestObject("Object Repository/Page_ParaBank  Register for Free Online Acc_dbf84b/input_Password_customer.password"), "GYDmRgS5yd5PL6pQTxDpCg=="): Text ****** has been set on object 'Object Repository/Page_ParaBank  Register for Free Online Acc_dbf84b/input_Password_customer.password'

07-02-2024T10:47:07 - [MESSAGE][PASSED] - Text ****** has been set on object 'Object Repository/Page_ParaBank  Register for Free Online Acc_dbf84b/input_Password_customer.password'

07-02-2024T10:47:07 - [TEST_STEP][PASSED] - setEncryptedText(findTestObject("Object Repository/Page_ParaBank  Register for Free Online Acc_dbf84b/input_Password_customer.password"), "iFGeFYmXIrUhQZHvW7P22w=="): Text ****** has been set on object 'Object Repository/Page_ParaBank  Register for Free Online Acc_dbf84b/input_Password_customer.password'

07-02-2024T10:47:08 - [MESSAGE][PASSED] - Text ****** has been set on object 'Object Repository/Page_ParaBank  Register for Free Online Acc_dbf84b/input_Password_customer.password'

07-02-2024T10:47:08 - [TEST_STEP][PASSED] - setEncryptedText(findTestObject("Object Repository/Page_ParaBank  Register for Free Online Acc_dbf84b/input_Confirm_repeatedPassword"), "iFGeFYmXIrUhQZHvW7P22w=="): Text ****** has been set on object 'Object Repository/Page_ParaBank  Register for Free Online Acc_dbf84b/input_Confirm_repeatedPassword'

07-02-2024T10:47:09 - [MESSAGE][PASSED] - Text ****** has been set on object 'Object Repository/Page_ParaBank  Register for Free Online Acc_dbf84b/input_Confirm_repeatedPassword'

07-02-2024T10:47:09 - [TEST_STEP][PASSED] - click(findTestObject("Object Repository/Page_ParaBank  Register for Free Online Acc_dbf84b/input_Confirm_button")): Object: 'Object Repository/Page_ParaBank  Register for Free Online Acc_dbf84b/input_Confirm_button' is clicked on

07-02-2024T10:47:10 - [MESSAGE][PASSED] - Object: 'Object Repository/Page_ParaBank  Register for Free Online Acc_dbf84b/input_Confirm_button' is clicked on]]></system-out>
         <system-err><![CDATA[]]></system-err>
      </testcase>
      <system-out><![CDATA[07-02-2024T10:46:40 - [TEST_SUITE][PASSED] - Registrasi: Test Cases/Swag Labs/Register]]></system-out>
      <system-err><![CDATA[]]></system-err>
   </testsuite>
</testsuites>
