<?xml version="1.0" encoding="UTF-8"?>
<testsuites name="Login" time="20.043" tests="1" failures="0" errors="0">
   <testsuite name="Login" tests="1" failures="0" errors="0" time="20.043" skipped="0" timestamp="07-02-2024T10:47:36" hostname="BRI - LAPTOP-GLHGBC14" id="Test Suites/Login/Login">
      <properties>
         <property name="deviceName" value=""/>
         <property name="devicePlatform" value=""/>
         <property name="logFolder" value="C:\\Users\\BRI\\git\\integrasiGit\\Reports\\20240207_104727\\Login\\Login\\20240207_104727"/>
         <property name="logFiles" value="C:\\Users\\BRI\\git\\integrasiGit\\Reports\\20240207_104727\\Login\\Login\\20240207_104727\\execution0.log"/>
         <property name="attachments" value=""/>
         <property name="hostName" value="BRI - LAPTOP-GLHGBC14"/>
         <property name="os" value="Windows 11 64bit"/>
         <property name="katalonVersion" value="9.3.0.212"/>
         <property name="browser" value="Edge Chromium 121"/>
         <property name="hostAddress" value="172.16.213.24"/>
         <property name="sessionId" value="ce4906c6fa0a5a37bfb72f9fd0841efe"/>
         <property name="seleniumVersion" value="3.141.59"/>
         <property name="proxyInformation" value="ProxyInformation { proxyOption=NO_PROXY, proxyServerType=HTTP, username=, password=********, proxyServerAddress=, proxyServerPort=0, executionList=&quot;&quot;, isApplyToDesiredCapabilities=true }"/>
         <property name="platform" value="Windows 11"/>
      </properties>
      <testcase name="Test Cases/Swag Labs/Login" time="19.317" classname="Test Cases/Swag Labs/Login" status="PASSED">
         <system-out><![CDATA[07-02-2024T10:47:37 - [TEST_CASE][PASSED] - Test Cases/Swag Labs/Login: Test Cases/Swag Labs/Login

07-02-2024T10:47:38 - [TEST_STEP][PASSED] - openBrowser(""): Browser is opened with url: ''

07-02-2024T10:47:39 - [MESSAGE][INFO] - Starting 'Edge Chromium' driver

07-02-2024T10:47:41 - [MESSAGE][INFO] - Action delay is set to 0 milliseconds

07-02-2024T10:47:47 - [MESSAGE][PASSED] - Browser is opened with url: ''

07-02-2024T10:47:47 - [TEST_STEP][PASSED] - navigateToUrl("https://parabank.parasoft.com/parabank/index.htm"): Navigate to 'https://parabank.parasoft.com/parabank/index.htm' successfully

07-02-2024T10:47:51 - [MESSAGE][PASSED] - Navigate to 'https://parabank.parasoft.com/parabank/index.htm' successfully

07-02-2024T10:47:51 - [TEST_STEP][PASSED] - setText(findTestObject("Object Repository/Page_ParaBank  Welcome  Online Banking/input_Username_username"), "ruslanwest"): Text 'ruslanwest' is set on object 'Object Repository/Page_ParaBank  Welcome  Online Banking/input_Username_username'

07-02-2024T10:47:53 - [MESSAGE][PASSED] - Text 'ruslanwest' is set on object 'Object Repository/Page_ParaBank  Welcome  Online Banking/input_Username_username'

07-02-2024T10:47:53 - [TEST_STEP][PASSED] - setEncryptedText(findTestObject("Object Repository/Page_ParaBank  Welcome  Online Banking/input_Password_password"), "iFGeFYmXIrUhQZHvW7P22w=="): Text ****** has been set on object 'Object Repository/Page_ParaBank  Welcome  Online Banking/input_Password_password'

07-02-2024T10:47:53 - [MESSAGE][PASSED] - Text ****** has been set on object 'Object Repository/Page_ParaBank  Welcome  Online Banking/input_Password_password'

07-02-2024T10:47:53 - [TEST_STEP][PASSED] - click(findTestObject("Object Repository/Page_ParaBank  Welcome  Online Banking/input_Password_button")): Object: 'Object Repository/Page_ParaBank  Welcome  Online Banking/input_Password_button' is clicked on

07-02-2024T10:47:56 - [MESSAGE][PASSED] - Object: 'Object Repository/Page_ParaBank  Welcome  Online Banking/input_Password_button' is clicked on]]></system-out>
         <system-err><![CDATA[]]></system-err>
      </testcase>
      <system-out><![CDATA[07-02-2024T10:47:36 - [TEST_SUITE][PASSED] - Login: Test Cases/Swag Labs/Login]]></system-out>
      <system-err><![CDATA[]]></system-err>
   </testsuite>
</testsuites>
